[main] 2021-08-15 02:15:10 INFO  com.main.Main  - Welcome !!! 
[main] 2021-08-15 02:30:03 INFO  com.main.Main  - Welcome !!! 
[main] 2021-08-15 02:30:03 INFO  com.main.Main  - 1. login as user 
 2. llogin as employee

[main] 2021-08-15 02:30:03 INFO  com.main.Main  - 1
[main] 2021-08-15 02:30:08 WARN  com.main.Main  - Invalid Input
[main] 2021-08-15 02:30:08 INFO  com.main.Main  - 1. login as user 
 2. llogin as employee

[main] 2021-08-15 02:30:08 INFO  com.main.Main  - 1
[main] 2021-08-15 02:30:10 INFO  com.main.Main  - 1. already a user? 
2.New user 
[main] 2021-08-15 02:30:13 INFO  com.main.Main  - 1. login as user 
 2. llogin as employee

[main] 2021-08-15 02:30:13 INFO  com.main.Main  - 1
[main] 2021-08-15 02:30:49 INFO  com.main.Main  - Welcome !!! 
[main] 2021-08-15 02:30:49 INFO  com.main.Main  - 1. login as user 
 2. login as employee

[main] 2021-08-15 02:30:49 INFO  com.main.Main  - 1
[main] 2021-08-15 02:31:07 INFO  com.main.Main  - Welcome !!! 
[main] 2021-08-15 02:31:07 INFO  com.main.Main  - 1. login as user 
 2. login as employee

[main] 2021-08-15 02:31:14 INFO  com.main.Main  - 1.already a user? 
2.New user 
[main] 2021-08-15 02:31:30 INFO  com.main.Main  - 1. login as user 
 2. login as employee

[main] 2021-08-15 02:31:46 INFO  com.main.Main  - under construction
[main] 2021-08-15 02:38:48 INFO  com.main.Main  - Welcome !!! 
[main] 2021-08-15 02:38:48 INFO  com.main.Main  - 1. login as user 
 2.login as employee

[main] 2021-08-15 02:38:53 INFO  com.main.Main  - 1.already a user? 
2.New user 
[main] 2021-08-15 02:38:54 INFO  com.main.Main  - /nuser
[main] 2021-08-15 02:38:54 INFO  com.main.Main  - 1. login as user 
 2.login as employee

[main] 2021-08-15 02:39:14 INFO  com.main.Main  - Welcome !!! 
[main] 2021-08-15 02:39:14 INFO  com.main.Main  - 1. login as user 
 2.login as employee

[main] 2021-08-15 02:39:18 INFO  com.main.Main  - Welcome !!! 
[main] 2021-08-15 02:39:19 INFO  com.main.Main  - 1. login as user 
 2.login as employee

[main] 2021-08-15 02:39:27 INFO  com.main.Main  - Welcome !!! 
[main] 2021-08-15 02:39:27 INFO  com.main.Main  - 1. login as user 
2.login as employee

[main] 2021-08-15 02:39:30 INFO  com.main.Main  - 1.already a user? 
2.New user 
[main] 2021-08-15 02:39:32 INFO  com.main.Main  - 
user
[main] 2021-08-15 02:39:32 INFO  com.main.Main  - 1. login as user 
2.login as employee

[main] 2021-08-15 12:22:42 INFO  com.app.Main  - Welcome !!! 
[main] 2021-08-15 12:22:42 INFO  com.app.Main  - 1. login as user 
2.login as employee

[main] 2021-08-15 12:22:45 INFO  com.app.Main  - 1.already a user? 
2.New user 
[main] 2021-08-15 12:22:47 INFO  com.app.Main  - enter details
[main] 2021-08-15 12:23:45 INFO  com.app.Main  - Internal Error
[main] 2021-08-15 12:23:45 INFO  com.app.Main  - 
new user
[main] 2021-08-15 12:23:45 INFO  com.app.Main  - 1. login as user 
2.login as employee

[main] 2021-08-15 12:24:45 INFO  com.app.Main  - Welcome !!! 
[main] 2021-08-15 12:24:45 INFO  com.app.Main  - 1. login as user 
2.login as employee

[main] 2021-08-15 12:24:48 INFO  com.app.Main  - under construction
[main] 2021-08-15 12:24:58 INFO  com.app.Main  - Welcome !!! 
[main] 2021-08-15 12:24:58 INFO  com.app.Main  - 1. login as user 
2.login as employee

[main] 2021-08-15 12:24:59 INFO  com.app.Main  - 1.already a user? 
2.New user 
[main] 2021-08-15 12:25:01 INFO  com.app.Main  - enter details
[main] 2021-08-15 12:25:27 INFO  com.app.Main  - Internal Error
[main] 2021-08-15 12:25:27 INFO  com.app.Main  - 
new user
[main] 2021-08-15 12:25:27 INFO  com.app.Main  - 1. login as user 
2.login as employee

[main] 2021-08-15 12:26:07 INFO  com.app.Main  - Welcome !!! 
[main] 2021-08-15 12:26:08 INFO  com.app.Main  - 1. login as user 
2.login as employee

[main] 2021-08-15 12:26:13 INFO  com.app.Main  - 1.already a user? 
2.New user 
[main] 2021-08-15 12:26:15 INFO  com.app.Main  - enter details
[main] 2021-08-15 12:26:24 INFO  com.app.Main  - Welcome !!! 
[main] 2021-08-15 12:26:24 INFO  com.app.Main  - 1. login as user 
2.login as employee

[main] 2021-08-15 12:26:27 INFO  com.app.Main  - 1.already a user? 
2.New user 
[main] 2021-08-15 12:26:28 INFO  com.app.Main  - enter details
[main] 2021-08-15 12:26:49 INFO  com.app.Main  - player created
[main] 2021-08-15 12:26:49 INFO  com.app.Main  - UserDetails [userId=1, userFirstName=ank, userLastName=son, userContact=1231231230, userCardNo=123123123123, userEmail=ajjk, userPassword=asdas]
[main] 2021-08-15 12:26:49 INFO  com.app.Main  - 
new user
[main] 2021-08-15 12:26:49 INFO  com.app.Main  - 1. login as user 
2.login as employee

[main] 2021-08-15 12:26:59 INFO  com.app.Main  - 1.already a user? 
2.New user 
[main] 2021-08-15 12:27:01 INFO  com.app.Main  - 
user
[main] 2021-08-15 12:27:01 INFO  com.app.Main  - 1. login as user 
2.login as employee

[main] 2021-08-15 12:27:04 INFO  com.app.Main  - 1.already a user? 
2.New user 
[main] 2021-08-15 12:39:42 INFO  com.app.Main  - Welcome !!! 
[main] 2021-08-15 12:39:42 INFO  com.app.Main  - 1. login as user 
2.login as employee

[main] 2021-08-15 12:39:49 INFO  com.app.Main  - 1.already a user? 
2.New user 
[main] 2021-08-15 12:39:50 INFO  com.app.Main  - enter details
[main] 2021-08-15 12:40:22 INFO  com.app.Main  - Welcome !!! 
[main] 2021-08-15 12:40:22 INFO  com.app.Main  - 1. login as user 
2.login as employee

[main] 2021-08-15 12:40:27 INFO  com.app.Main  - 1.already a user? 
2.New user 
[main] 2021-08-15 12:40:29 INFO  com.app.Main  - enter details
[main] 2021-08-15 12:40:48 INFO  com.app.Main  - Internal Error
[main] 2021-08-15 12:40:48 INFO  com.app.Main  - 
new user
[main] 2021-08-15 12:40:48 INFO  com.app.Main  - 1. login as user 
2.login as employee

[main] 2021-08-15 12:43:37 INFO  com.app.Main  - Welcome !!! 
[main] 2021-08-15 12:43:37 INFO  com.app.Main  - 1. login as user 
2.login as employee

[main] 2021-08-15 12:43:41 INFO  com.app.Main  - 1.already a user? 
2.New user 
[main] 2021-08-15 12:43:43 INFO  com.app.Main  - enter details
[main] 2021-08-15 12:43:58 INFO  com.app.Main  - Internal Error
[main] 2021-08-15 12:43:58 INFO  com.app.Main  - 
new user
[main] 2021-08-15 12:43:58 INFO  com.app.Main  - 1. login as user 
2.login as employee

[main] 2021-08-15 12:44:20 INFO  com.app.Main  - Welcome !!! 
[main] 2021-08-15 12:44:20 INFO  com.app.Main  - 1. login as user 
2.login as employee

[main] 2021-08-15 12:44:23 INFO  com.app.Main  - 1.already a user? 
2.New user 
[main] 2021-08-15 12:44:25 INFO  com.app.Main  - enter details
[main] 2021-08-15 12:44:41 INFO  com.app.Main  - Internal Error
[main] 2021-08-15 12:44:41 INFO  com.app.Main  - 
new user
[main] 2021-08-15 12:44:41 INFO  com.app.Main  - 1. login as user 
2.login as employee

[main] 2021-08-15 12:45:42 INFO  com.app.Main  - Welcome !!! 
[main] 2021-08-15 12:45:42 INFO  com.app.Main  - 1. login as user 
2.login as employee

[main] 2021-08-15 12:45:46 INFO  com.app.Main  - 1.already a user? 
2.New user 
[main] 2021-08-15 12:45:48 INFO  com.app.Main  - /ninvalid input !!!!
[main] 2021-08-15 12:45:48 INFO  com.app.Main  - 1. login as user 
2.login as employee

[main] 2021-08-15 12:45:52 INFO  com.app.Main  - Welcome !!! 
[main] 2021-08-15 12:45:52 INFO  com.app.Main  - 1. login as user 
2.login as employee

[main] 2021-08-15 12:45:54 INFO  com.app.Main  - 1.already a user? 
2.New user 
[main] 2021-08-15 12:45:55 INFO  com.app.Main  - enter details
[main] 2021-08-15 12:46:10 INFO  com.app.Main  - Internal Error
[main] 2021-08-15 12:46:10 INFO  com.app.Main  - 
new user
[main] 2021-08-15 12:46:10 INFO  com.app.Main  - 1. login as user 
2.login as employee

[main] 2021-08-15 12:46:27 INFO  com.app.Main  - Welcome !!! 
[main] 2021-08-15 12:46:27 INFO  com.app.Main  - 1. login as user 
2.login as employee

[main] 2021-08-15 12:46:32 INFO  com.app.Main  - 1.already a user? 
2.New user 
[main] 2021-08-15 12:46:33 INFO  com.app.Main  - enter details
[main] 2021-08-15 12:46:47 INFO  com.app.Main  - player created
[main] 2021-08-15 12:46:47 INFO  com.app.Main  - UserDetails [userId=2, userFirstName=asd, userLastName=asd, userContact=1231231231, userCardNo=123123123123, userEmail=asd, userPassword=ad]
[main] 2021-08-15 12:46:47 INFO  com.app.Main  - 
new user
[main] 2021-08-15 12:46:47 INFO  com.app.Main  - 1. login as user 
2.login as employee

[main] 2021-08-15 13:03:33 INFO  com.app.Main  - Welcome !!! 
[main] 2021-08-15 13:03:33 INFO  com.app.Main  - 1. login as user 
2.login as employee

[main] 2021-08-15 13:03:40 INFO  com.app.Main  - 1.already a user? 
2.New user 
[main] 2021-08-15 13:03:41 INFO  com.app.Main  - enter details
[main] 2021-08-15 13:04:06 INFO  com.app.Main  - Welcome !!! 
[main] 2021-08-15 13:04:06 INFO  com.app.Main  - 1. login as user 
2.login as employee

[main] 2021-08-15 13:04:11 INFO  com.app.Main  - 1.already a user? 
2.New user 
[main] 2021-08-15 13:04:12 INFO  com.app.Main  - enter details
[main] 2021-08-15 13:04:25 INFO  com.app.Main  - Internal Error
[main] 2021-08-15 13:04:25 INFO  com.app.Main  - 
new user
[main] 2021-08-15 13:04:25 INFO  com.app.Main  - 1. login as user 
2.login as employee

[main] 2021-08-15 13:06:42 INFO  com.app.Main  - Welcome !!! 
[main] 2021-08-15 13:06:42 INFO  com.app.Main  - 1. login as user 
2.login as employee

[main] 2021-08-15 13:06:48 INFO  com.app.Main  - 1.already a user? 
2.New user 
[main] 2021-08-15 13:06:48 INFO  com.app.Main  - enter details
[main] 2021-08-15 13:07:02 INFO  com.app.Main  - Internal Error
[main] 2021-08-15 13:07:02 INFO  com.app.Main  - 
new user
[main] 2021-08-15 13:07:02 INFO  com.app.Main  - 1. login as user 
2.login as employee

[main] 2021-08-15 13:07:12 INFO  com.app.Main  - Welcome !!! 
[main] 2021-08-15 13:07:12 INFO  com.app.Main  - 1. login as user 
2.login as employee

[main] 2021-08-15 13:07:17 INFO  com.app.Main  - 1.already a user? 
2.New user 
[main] 2021-08-15 13:07:19 INFO  com.app.Main  - enter details
[main] 2021-08-15 13:07:34 INFO  com.app.Main  - player created
[main] 2021-08-15 13:07:34 INFO  com.app.Main  - UserDetails [userId=3, userFirstName=sa, userLastName=ds, userContact=2222222222, userCardNo=222222222222, userEmail=as, userPassword=dfs]
[main] 2021-08-15 13:07:34 INFO  com.app.Main  - 
new user
[main] 2021-08-15 13:07:34 INFO  com.app.Main  - 1. login as user 
2.login as employee

[main] 2021-08-15 13:07:58 INFO  com.app.Main  - Welcome !!! 
[main] 2021-08-15 13:07:58 INFO  com.app.Main  - 1. login as user 
2.login as employee

[main] 2021-08-15 13:08:00 INFO  com.app.Main  - 1.already a user? 
2.New user 
[main] 2021-08-15 13:08:01 INFO  com.app.Main  - enter details
[main] 2021-08-15 13:08:19 INFO  com.app.Main  - Internal Error
[main] 2021-08-15 13:08:19 INFO  com.app.Main  - 
new user
[main] 2021-08-15 13:08:19 INFO  com.app.Main  - 1. login as user 
2.login as employee

[main] 2021-08-15 13:08:34 INFO  com.app.Main  - Welcome !!! 
[main] 2021-08-15 13:08:34 INFO  com.app.Main  - 1. login as user 
2.login as employee

[main] 2021-08-15 13:08:36 INFO  com.app.Main  - 1.already a user? 
2.New user 
[main] 2021-08-15 13:08:37 INFO  com.app.Main  - enter details
[main] 2021-08-15 13:08:52 INFO  com.app.Main  - player created
[main] 2021-08-15 13:08:52 INFO  com.app.Main  - UserDetails [userId=4, userFirstName=sdsf, userLastName=fsd, userContact=4564564564, userCardNo=456456456456, userEmail=sd, userPassword=v]
[main] 2021-08-15 13:08:52 INFO  com.app.Main  - 
new user
[main] 2021-08-15 13:08:52 INFO  com.app.Main  - 1. login as user 
2.login as employee

[main] 2021-08-15 13:09:22 INFO  com.app.Main  - Welcome !!! 
[main] 2021-08-15 13:09:22 INFO  com.app.Main  - 1. login as user 
2.login as employee

[main] 2021-08-15 13:09:24 INFO  com.app.Main  - 1.already a user? 
2.New user 
[main] 2021-08-15 13:09:25 INFO  com.app.Main  - enter details
[main] 2021-08-15 13:09:39 INFO  com.app.Main  - Internal Error
[main] 2021-08-15 13:09:39 INFO  com.app.Main  - 
new user
[main] 2021-08-15 13:09:39 INFO  com.app.Main  - 1. login as user 
2.login as employee

[main] 2021-08-15 13:09:47 INFO  com.app.Main  - Welcome !!! 
[main] 2021-08-15 13:09:47 INFO  com.app.Main  - 1. login as user 
2.login as employee

[main] 2021-08-15 13:10:05 INFO  com.app.Main  - 1.already a user? 
2.New user 
[main] 2021-08-15 13:10:07 INFO  com.app.Main  - enter details
[main] 2021-08-15 13:10:13 INFO  com.app.Main  - Welcome !!! 
[main] 2021-08-15 13:10:13 INFO  com.app.Main  - 1. login as user 
2.login as employee

[main] 2021-08-15 13:10:15 INFO  com.app.Main  - 1.already a user? 
2.New user 
[main] 2021-08-15 13:10:16 INFO  com.app.Main  - enter details
[main] 2021-08-15 13:10:30 INFO  com.app.Main  - player created
[main] 2021-08-15 13:10:30 INFO  com.app.Main  - UserDetails [userId=6, userFirstName=dsa, userLastName=as, userContact=4564564564, userCardNo=456456456456, userEmail=fd, userPassword=c]
[main] 2021-08-15 13:10:30 INFO  com.app.Main  - 
new user
[main] 2021-08-15 13:10:30 INFO  com.app.Main  - 1. login as user 
2.login as employee

[main] 2021-08-15 13:10:43 INFO  com.app.Main  - Welcome !!! 
[main] 2021-08-15 13:10:43 INFO  com.app.Main  - 1. login as user 
2.login as employee

[main] 2021-08-15 13:10:45 INFO  com.app.Main  - 1.already a user? 
2.New user 
[main] 2021-08-15 13:10:46 INFO  com.app.Main  - enter details
[main] 2021-08-15 13:10:56 INFO  com.app.Main  - player created
[main] 2021-08-15 13:10:56 INFO  com.app.Main  - UserDetails [userId=5, userFirstName=asd, userLastName=as, userContact=4564564564, userCardNo=456456456456, userEmail=ads, userPassword=a]
[main] 2021-08-15 13:10:56 INFO  com.app.Main  - 
new user
[main] 2021-08-15 13:10:56 INFO  com.app.Main  - 1. login as user 
2.login as employee

[main] 2021-08-15 13:11:05 INFO  com.app.Main  - Welcome !!! 
[main] 2021-08-15 13:11:05 INFO  com.app.Main  - 1. login as user 
2.login as employee

[main] 2021-08-15 13:11:08 INFO  com.app.Main  - 1.already a user? 
2.New user 
[main] 2021-08-15 13:11:08 INFO  com.app.Main  - enter details
[main] 2021-08-15 13:11:21 INFO  com.app.Main  - Internal Error
[main] 2021-08-15 13:11:21 INFO  com.app.Main  - 
new user
[main] 2021-08-15 13:11:21 INFO  com.app.Main  - 1. login as user 
2.login as employee

[main] 2021-08-15 13:12:12 INFO  com.app.Main  - Welcome !!! 
[main] 2021-08-15 13:12:12 INFO  com.app.Main  - 1. login as user 
2.login as employee

[main] 2021-08-15 13:12:14 INFO  com.app.Main  - 1.already a user? 
2.New user 
[main] 2021-08-15 13:12:14 INFO  com.app.Main  - enter details
[main] 2021-08-15 13:12:26 INFO  com.app.Main  - Internal Error
[main] 2021-08-15 13:12:26 INFO  com.app.Main  - 
new user
[main] 2021-08-15 13:12:26 INFO  com.app.Main  - 1. login as user 
2.login as employee

[main] 2021-08-15 13:12:30 INFO  com.app.Main  - Welcome !!! 
[main] 2021-08-15 13:12:30 INFO  com.app.Main  - 1. login as user 
2.login as employee

[main] 2021-08-15 13:12:32 INFO  com.app.Main  - 1.already a user? 
2.New user 
[main] 2021-08-15 13:12:32 INFO  com.app.Main  - enter details
[main] 2021-08-15 13:12:53 INFO  com.app.Main  - player created
[main] 2021-08-15 13:12:53 INFO  com.app.Main  - UserDetails [userId=10, userFirstName=as, userLastName=fds, userContact=1231231231, userCardNo=123123123123, userEmail=sd, userPassword=gg]
[main] 2021-08-15 13:12:53 INFO  com.app.Main  - 
new user
[main] 2021-08-15 13:12:53 INFO  com.app.Main  - 1. login as user 
2.login as employee

[main] 2021-08-15 13:13:20 INFO  com.app.Main  - Welcome !!! 
[main] 2021-08-15 13:13:20 INFO  com.app.Main  - 1. login as user 
2.login as employee

[main] 2021-08-15 13:13:48 INFO  com.app.Main  - 1.already a user? 
2.New user 
[main] 2021-08-15 13:13:48 INFO  com.app.Main  - enter details
[main] 2021-08-15 13:14:00 INFO  com.app.Main  - Internal Error
[main] 2021-08-15 13:14:00 INFO  com.app.Main  - 
new user
[main] 2021-08-15 13:14:00 INFO  com.app.Main  - 1. login as user 
2.login as employee

[main] 2021-08-15 13:17:04 INFO  com.app.Main  - Welcome !!! 
[main] 2021-08-15 13:17:04 INFO  com.app.Main  - 1. login as user 
2.login as employee

[main] 2021-08-15 13:17:07 INFO  com.app.Main  - 1.already a user? 
2.New user 
[main] 2021-08-15 13:17:08 INFO  com.app.Main  - enter details
[main] 2021-08-15 13:17:21 INFO  com.app.Main  - player created
[main] 2021-08-15 13:17:21 INFO  com.app.Main  - UserDetails [userId=11, userFirstName=s, userLastName=s, userContact=1231231231, userCardNo=123123123123, userEmail=sa, userPassword=a]
[main] 2021-08-15 13:17:21 INFO  com.app.Main  - 
new user
[main] 2021-08-15 13:17:21 INFO  com.app.Main  - 1. login as user 
2.login as employee

[main] 2021-08-15 13:17:27 INFO  com.app.Main  - Welcome !!! 
[main] 2021-08-15 13:17:27 INFO  com.app.Main  - 1. login as user 
2.login as employee

[main] 2021-08-15 13:17:29 INFO  com.app.Main  - 1.already a user? 
2.New user 
[main] 2021-08-15 13:17:30 INFO  com.app.Main  - enter details
[main] 2021-08-15 13:17:45 INFO  com.app.Main  - Internal Error
[main] 2021-08-15 13:17:45 INFO  com.app.Main  - 
new user
[main] 2021-08-15 13:17:45 INFO  com.app.Main  - 1. login as user 
2.login as employee

[main] 2021-08-15 13:18:41 INFO  com.app.Main  - Welcome !!! 
[main] 2021-08-15 13:18:41 INFO  com.app.Main  - 1. login as user 
2.login as employee

[main] 2021-08-15 13:18:43 INFO  com.app.Main  - 1.already a user? 
2.New user 
[main] 2021-08-15 13:18:44 INFO  com.app.Main  - enter details
[main] 2021-08-15 13:18:56 INFO  com.app.Main  - Internal Error
[main] 2021-08-15 13:18:56 INFO  com.app.Main  - 
new user
[main] 2021-08-15 13:18:56 INFO  com.app.Main  - 1. login as user 
2.login as employee

[main] 2021-08-15 13:21:47 INFO  com.app.Main  - Welcome !!! 
[main] 2021-08-15 13:21:47 INFO  com.app.Main  - 1. login as user 
2.login as employee

[main] 2021-08-15 13:21:50 INFO  com.app.Main  - 1.already a user? 
2.New user 
[main] 2021-08-15 13:21:50 INFO  com.app.Main  - enter details
[main] 2021-08-15 13:22:02 INFO  com.app.Main  - Internal Error
[main] 2021-08-15 13:22:02 INFO  com.app.Main  - 
new user
[main] 2021-08-15 13:22:02 INFO  com.app.Main  - 1. login as user 
2.login as employee

[main] 2021-08-15 13:22:07 INFO  com.app.Main  - Welcome !!! 
[main] 2021-08-15 13:22:07 INFO  com.app.Main  - 1. login as user 
2.login as employee

[main] 2021-08-15 13:22:11 INFO  com.app.Main  - 1.already a user? 
2.New user 
[main] 2021-08-15 13:22:12 INFO  com.app.Main  - enter details
[main] 2021-08-15 13:22:24 INFO  com.app.Main  - player created
[main] 2021-08-15 13:22:24 INFO  com.app.Main  - UserDetails [userId=15, userFirstName=ad, userLastName=as, userContact=1231231231, userCardNo=123123123123, userEmail=s, userPassword=cx]
[main] 2021-08-15 13:22:24 INFO  com.app.Main  - 
new user
[main] 2021-08-15 13:22:24 INFO  com.app.Main  - 1. login as user 
2.login as employee

[main] 2021-08-15 13:36:30 INFO  com.app.Main  - Welcome !!! 
[main] 2021-08-15 13:36:30 INFO  com.app.Main  - 1. login as user 
2.login as employee

[main] 2021-08-15 13:36:33 INFO  com.app.Main  - 1.already a user? 
2.New user 
[main] 2021-08-15 13:36:35 INFO  com.app.Main  - enter details
[main] 2021-08-15 13:36:51 INFO  com.app.Main  - Internal Error
[main] 2021-08-15 13:36:51 INFO  com.app.Main  - 
new user
[main] 2021-08-15 13:36:51 INFO  com.app.Main  - 1. login as user 
2.login as employee

[main] 2021-08-15 13:37:04 INFO  com.app.Main  - Welcome !!! 
[main] 2021-08-15 13:37:04 INFO  com.app.Main  - 1. login as user 
2.login as employee

[main] 2021-08-15 13:37:07 INFO  com.app.Main  - 1.already a user? 
2.New user 
[main] 2021-08-15 13:37:08 INFO  com.app.Main  - enter details
[main] 2021-08-15 13:37:23 INFO  com.app.Main  - player created
[main] 2021-08-15 13:37:23 INFO  com.app.Main  - UserDetails [userId=20, userFirstName=bj, userLastName=hb, userContact=4564564564, userCardNo=456456456456, userEmail=kj, userPassword=ki]
[main] 2021-08-15 13:37:23 INFO  com.app.Main  - 
new user
[main] 2021-08-15 13:37:23 INFO  com.app.Main  - 1. login as user 
2.login as employee

[main] 2021-08-15 13:39:25 INFO  com.app.Main  - Welcome !!! 
[main] 2021-08-15 13:39:25 INFO  com.app.Main  - 1. login as user 
2.login as employee

[main] 2021-08-15 13:39:33 INFO  com.app.Main  - Welcome !!! 
[main] 2021-08-15 13:39:33 INFO  com.app.Main  - 1. login as user 
2.login as employee

[main] 2021-08-15 13:39:37 INFO  com.app.Main  - 1.already a user? 
2.New user 
[main] 2021-08-15 13:39:39 INFO  com.app.Main  - enter details
[main] 2021-08-15 13:39:58 INFO  com.app.Main  - Internal Error
[main] 2021-08-15 13:39:58 INFO  com.app.Main  - 
new user
[main] 2021-08-15 13:39:58 INFO  com.app.Main  - 1. login as user 
2.login as employee

[main] 2021-08-15 13:43:29 INFO  com.app.Main  - Welcome !!! 
[main] 2021-08-15 13:43:29 INFO  com.app.Main  - 1. login as user 
2.login as employee

[main] 2021-08-15 13:43:33 INFO  com.app.Main  - 1.already a user? 
2.New user 
[main] 2021-08-15 13:43:34 INFO  com.app.Main  - enter details
[main] 2021-08-15 13:43:59 INFO  com.app.Main  - Internal Error
[main] 2021-08-15 13:43:59 INFO  com.app.Main  - 
new user
[main] 2021-08-15 13:43:59 INFO  com.app.Main  - 1. login as user 
2.login as employee

[main] 2021-08-16 14:34:52 INFO  com.app.Main  - Welcome !!! 
[main] 2021-08-16 14:34:52 INFO  com.app.Main  - 1. login as user 
2.login as employee

[main] 2021-08-16 14:35:01 INFO  com.app.Main  - 1.already a user? 
2.New user 
[main] 2021-08-16 14:35:03 INFO  com.app.Main  - enter details
[main] 2021-08-16 14:36:21 INFO  com.app.Main  - Internal Error
[main] 2021-08-16 14:36:21 INFO  com.app.Main  - 1. login as user 
2.login as employee

[main] 2021-08-16 14:53:50 INFO  com.app.Main  - Welcome !!! 
[main] 2021-08-16 14:53:50 INFO  com.app.Main  - 1. login as user 
2.login as employee

[main] 2021-08-16 14:53:55 INFO  com.app.Main  - under construction
[main] 2021-08-16 14:54:23 INFO  com.app.Main  - Welcome !!! 
[main] 2021-08-16 14:54:23 INFO  com.app.Main  - 1. login as user 
2.login as employee

[main] 2021-08-16 14:54:26 INFO  com.app.Main  - enter username and password
[main] 2021-08-16 14:54:33 INFO  com.app.Main  - Wrong username or password, please check again
[main] 2021-08-16 15:22:33 INFO  com.app.Main  - Welcome !!! 
[main] 2021-08-16 15:22:33 INFO  com.app.Main  - 1. login as user 
2.login as employee

[main] 2021-08-16 15:22:41 INFO  com.app.Main  - enter username and password
[main] 2021-08-16 15:22:45 INFO  com.app.Main  - Wrong username or password, please check again
[main] 2021-08-16 15:23:23 INFO  com.app.Main  - Welcome !!! 
[main] 2021-08-16 15:23:23 INFO  com.app.Main  - 1. login as user 
2.login as employee

[main] 2021-08-16 15:23:30 INFO  com.app.Main  - enter username and password
[main] 2021-08-16 15:23:35 INFO  com.app.Main  - Wrong username or password, please check again
[main] 2021-08-16 15:24:56 INFO  com.app.Main  - Welcome !!! 
[main] 2021-08-16 15:24:56 INFO  com.app.Main  - 1. login as user 
2.login as employee

[main] 2021-08-16 15:25:01 INFO  com.app.Main  - enter username and password
[main] 2021-08-16 15:25:08 INFO  com.app.Main  - Wrong username or password, please check again
[main] 2021-08-16 15:26:09 INFO  com.app.Main  - Welcome !!! 
[main] 2021-08-16 15:26:09 INFO  com.app.Main  - 1. login as user 
2.login as employee

[main] 2021-08-16 15:26:14 INFO  com.app.Main  - enter username and password
[main] 2021-08-16 15:26:19 INFO  com.app.Main  - Wrong username or password, please check again
[main] 2021-08-16 15:26:41 INFO  com.app.Main  - Welcome !!! 
[main] 2021-08-16 15:26:41 INFO  com.app.Main  - 1. login as user 
2.login as employee

[main] 2021-08-16 15:26:44 INFO  com.app.Main  - enter username and password
[main] 2021-08-16 15:26:52 INFO  com.app.Main  - Wrong username or password, please check again
[main] 2021-08-16 15:27:11 INFO  com.app.Main  - Welcome !!! 
[main] 2021-08-16 15:27:11 INFO  com.app.Main  - 1. login as user 
2.login as employee

[main] 2021-08-16 15:27:18 INFO  com.app.Main  - enter username and password
[main] 2021-08-16 15:27:24 INFO  com.app.Main  - Wrong username or password, please check again
[main] 2021-08-16 15:28:39 INFO  com.app.Main  - Welcome !!! 
[main] 2021-08-16 15:28:39 INFO  com.app.Main  - 1. login as user 
2.login as employee

[main] 2021-08-16 15:28:42 INFO  com.app.Main  - enter username and password
[main] 2021-08-16 15:28:46 INFO  com.app.Main  - Hey Welcome Back
[main] 2021-08-16 15:29:32 INFO  com.app.Main  - Welcome !!! 
[main] 2021-08-16 15:29:32 INFO  com.app.Main  - 1. login as user 
2.login as employee

[main] 2021-08-16 15:29:35 INFO  com.app.Main  - enter username and password
[main] 2021-08-16 15:29:40 INFO  com.app.Main  - Hey Welcome Back
[main] 2021-08-16 21:39:30 INFO  com.app.Main  - Welcome !!! 
[main] 2021-08-16 21:39:30 INFO  com.app.Main  - 1. login as user 
2.login as employee

[main] 2021-08-16 21:39:35 INFO  com.app.Main  - 1.already a user? 
2.New user 
[main] 2021-08-16 21:39:45 INFO  com.app.Main  - 1. login as user 
2.login as employee

[main] 2021-08-16 21:42:19 INFO  com.app.Main  - Welcome !!! 
[main] 2021-08-16 21:42:19 INFO  com.app.Main  - 1. login as user 
2.login as employee

[main] 2021-08-16 21:42:23 INFO  com.app.Main  - 1.already a user? 
2.New user 
[main] 2021-08-16 21:42:28 INFO  com.app.Main  - Internal Error
[main] 2021-08-16 21:42:28 INFO  com.app.Main  - 1. login as user 
2.login as employee

[main] 2021-08-16 21:44:12 INFO  com.app.Main  - Welcome !!! 
[main] 2021-08-16 21:44:12 INFO  com.app.Main  - 1. login as user 
2.login as employee

[main] 2021-08-16 21:44:16 INFO  com.app.Main  - 1.already a user? 
2.New user 
[main] 2021-08-16 21:44:21 INFO  com.app.Main  - Internal Error
[main] 2021-08-16 21:44:21 INFO  com.app.Main  - 1. login as user 
2.login as employee

[main] 2021-08-16 21:46:57 INFO  com.app.Main  - Welcome !!! 
[main] 2021-08-16 21:46:57 INFO  com.app.Main  - 1. login as user 
2.login as employee

[main] 2021-08-16 21:47:01 INFO  com.app.Main  - 1.already a user? 
2.New user 
[main] 2021-08-16 21:47:06 INFO  com.app.Main  - Internal Error
[main] 2021-08-16 21:47:06 INFO  com.app.Main  - 1. login as user 
2.login as employee

[main] 2021-08-16 21:47:39 INFO  com.app.Main  - Welcome !!! 
[main] 2021-08-16 21:47:39 INFO  com.app.Main  - 1. login as user 
2.login as employee

[main] 2021-08-16 21:47:44 INFO  com.app.Main  - 1.already a user? 
2.New user 
[main] 2021-08-16 21:47:48 INFO  com.app.Main  - Internal Error
[main] 2021-08-16 21:47:48 INFO  com.app.Main  - 1. login as user 
2.login as employee

[main] 2021-08-16 21:48:06 INFO  com.app.Main  - Welcome !!! 
[main] 2021-08-16 21:48:06 INFO  com.app.Main  - 1. login as user 
2.login as employee

[main] 2021-08-16 21:48:11 INFO  com.app.Main  - 1.already a user? 
2.New user 
[main] 2021-08-16 21:48:16 INFO  com.app.Main  - Internal Error
[main] 2021-08-16 21:48:16 INFO  com.app.Main  - 1. login as user 
2.login as employee

[main] 2021-08-16 21:49:45 INFO  com.app.Main  - Welcome !!! 
[main] 2021-08-16 21:49:45 INFO  com.app.Main  - 1. login as user 
2.login as employee

[main] 2021-08-16 21:49:50 INFO  com.app.Main  - 1.already a user? 
2.New user 
[main] 2021-08-16 21:49:55 INFO  com.app.Main  - Internal Error
[main] 2021-08-16 21:49:55 INFO  com.app.Main  - 1. login as user 
2.login as employee

[main] 2021-08-16 21:53:43 INFO  com.app.Main  - Welcome !!! 
[main] 2021-08-16 21:53:43 INFO  com.app.Main  - 1. login as user 
2.login as employee

[main] 2021-08-16 21:53:50 INFO  com.app.Main  - 1.already a user? 
2.New user 
[main] 2021-08-16 21:53:58 INFO  com.app.Main  - Internal Error
[main] 2021-08-16 21:53:58 INFO  com.app.Main  - 1. login as user 
2.login as employee

[main] 2021-08-16 21:53:58 INFO  com.app.Main  - 1.already a user? 
2.New user 
[main] 2021-08-16 21:53:58 INFO  com.app.Main  - /ninvalid input !!!!
[main] 2021-08-16 21:53:58 INFO  com.app.Main  - 1. login as user 
2.login as employee

[main] 2021-08-16 22:14:49 INFO  com.app.Main  - Welcome !!! 
[main] 2021-08-16 22:14:49 INFO  com.app.Main  - 1. login as user 
2.login as employee

[main] 2021-08-16 22:15:10 INFO  com.app.Main  - 1.already a user? 
2.New user 
[main] 2021-08-16 22:15:17 INFO  com.app.Main  - Internal Error
[main] 2021-08-16 22:15:17 INFO  com.app.Main  - 1. login as user 
2.login as employee

[main] 2021-08-16 22:17:38 INFO  com.app.Main  - Welcome !!! 
[main] 2021-08-16 22:17:38 INFO  com.app.Main  - 1. login as user 
2.login as employee

[main] 2021-08-16 22:17:46 INFO  com.app.Main  - 1.already a user? 
2.New user 
[main] 2021-08-16 22:17:53 INFO  com.app.Main  - 1. login as user 
2.login as employee

[main] 2021-08-16 22:41:20 INFO  com.app.Main  - Welcome !!! 
[main] 2021-08-16 22:41:20 INFO  com.app.Main  - 1. login as user 
2.login as employee

[main] 2021-08-16 22:41:28 INFO  com.app.Main  - 1.already a user? 
2.New user 
[main] 2021-08-16 22:41:31 INFO  com.app.Main  - 1. login as user 
2.login as employee

[main] 2021-08-16 22:42:50 INFO  com.app.Main  - Welcome !!! 
[main] 2021-08-16 22:42:50 INFO  com.app.Main  - 1. login as user 
2.login as employee

[main] 2021-08-16 22:42:58 INFO  com.app.Main  - 1.already a user? 
2.New user 
[main] 2021-08-16 22:43:04 INFO  com.app.Main  - 1. login as user 
2.login as employee

[main] 2021-08-16 22:43:07 INFO  com.app.Main  - Welcome !!! 
[main] 2021-08-16 22:43:07 INFO  com.app.Main  - 1. login as user 
2.login as employee

[main] 2021-08-16 22:43:10 INFO  com.app.Main  - 1.already a user? 
2.New user 
[main] 2021-08-16 22:43:16 INFO  com.app.Main  - 1. login as user 
2.login as employee

[main] 2021-08-17 01:00:35 INFO  com.app.Main  - Welcome !!! 
[main] 2021-08-17 01:00:35 INFO  com.app.Main  - 1. login as user 
2.login as employee

[main] 2021-08-17 01:00:40 INFO  com.app.Main  - 1.already a user? 
2.New user 
[main] 2021-08-17 01:00:44 INFO  com.app.Main  - Internal Error
[main] 2021-08-17 01:00:44 INFO  com.app.Main  - 1. login as user 
2.login as employee

[main] 2021-08-17 01:01:29 INFO  com.app.Main  - Welcome !!! 
[main] 2021-08-17 01:01:29 INFO  com.app.Main  - 1. login as user 
2.login as employee

[main] 2021-08-17 01:01:34 INFO  com.app.Main  - 1.already a user? 
2.New user 
[main] 2021-08-17 01:01:38 INFO  com.app.Main  - 1. login as user 
2.login as employee

[main] 2021-08-17 01:07:05 INFO  com.app.Main  - Welcome !!! 
[main] 2021-08-17 01:07:05 INFO  com.app.Main  - 1. login as user 
2.login as employee

[main] 2021-08-17 01:07:11 INFO  com.app.Main  - 1.already a user? 
2.New user 
[main] 2021-08-17 01:07:14 INFO  com.app.Main  - 1. login as user 
2.login as employee

[main] 2021-08-17 01:12:51 INFO  com.app.Main  - Welcome !!! 
[main] 2021-08-17 01:12:51 INFO  com.app.Main  - 1. login as user 
2.login as employee

[main] 2021-08-17 01:12:57 INFO  com.app.Main  - 1.already a user? 
2.New user 
[main] 2021-08-17 01:13:01 INFO  com.app.Main  - 1. login as user 
2.login as employee

[main] 2021-08-17 01:20:18 INFO  com.app.Main  - Welcome !!! 
[main] 2021-08-17 01:20:18 INFO  com.app.Main  - 1. login as user 
2.login as employee

[main] 2021-08-17 01:20:25 INFO  com.app.Main  - 1.already a user? 
2.New user 
[main] 2021-08-17 01:20:29 INFO  com.app.Main  - 1. login as user 
2.login as employee

[main] 2021-08-17 01:20:31 INFO  com.app.Main  - Welcome !!! 
[main] 2021-08-17 01:20:31 INFO  com.app.Main  - 1. login as user 
2.login as employee

[main] 2021-08-17 01:20:32 INFO  com.app.Main  - 1.already a user? 
2.New user 
[main] 2021-08-17 01:20:37 INFO  com.app.Main  - 1. login as user 
2.login as employee

[main] 2021-08-17 01:23:16 INFO  com.app.Main  - Welcome !!! 
[main] 2021-08-17 01:23:16 INFO  com.app.Main  - 1. login as user 
2.login as employee

[main] 2021-08-17 01:23:24 INFO  com.app.Main  - 1.already a user? 
2.New user 
[main] 2021-08-17 01:23:28 INFO  com.app.Main  - 1. login as user 
2.login as employee

[main] 2021-08-17 01:23:32 INFO  com.app.Main  - Welcome !!! 
[main] 2021-08-17 01:23:32 INFO  com.app.Main  - 1. login as user 
2.login as employee

[main] 2021-08-17 01:23:35 INFO  com.app.Main  - 1.already a user? 
2.New user 
[main] 2021-08-17 01:23:39 INFO  com.app.Main  - 1. login as user 
2.login as employee

[main] 2021-08-17 01:25:28 INFO  com.app.Main  - Welcome !!! 
[main] 2021-08-17 01:25:28 INFO  com.app.Main  - 1. login as user 
2.login as employee

[main] 2021-08-17 01:25:30 INFO  com.app.Main  - 1.already a user? 
2.New user 
[main] 2021-08-17 01:25:34 INFO  com.app.Main  - 1. login as user 
2.login as employee

[main] 2021-08-17 01:25:37 INFO  com.app.Main  - Welcome !!! 
[main] 2021-08-17 01:25:37 INFO  com.app.Main  - 1. login as user 
2.login as employee

[main] 2021-08-17 01:25:41 INFO  com.app.Main  - 1.already a user? 
2.New user 
[main] 2021-08-17 01:25:45 INFO  com.app.Main  - 1. login as user 
2.login as employee

[main] 2021-08-17 01:27:15 INFO  com.app.Main  - Welcome !!! 
[main] 2021-08-17 01:27:15 INFO  com.app.Main  - 1. login as user 
2.login as employee

[main] 2021-08-17 01:27:23 INFO  com.app.Main  - 1.already a user? 
2.New user 
[main] 2021-08-17 01:27:27 INFO  com.app.Main  - 1. login as user 
2.login as employee

[main] 2021-08-17 01:27:30 INFO  com.app.Main  - Welcome !!! 
[main] 2021-08-17 01:27:30 INFO  com.app.Main  - 1. login as user 
2.login as employee

[main] 2021-08-17 01:27:32 INFO  com.app.Main  - 1.already a user? 
2.New user 
[main] 2021-08-17 01:27:35 INFO  com.app.Main  - 1. login as user 
2.login as employee

[main] 2021-08-17 01:28:15 INFO  com.app.Main  - Welcome !!! 
[main] 2021-08-17 01:28:15 INFO  com.app.Main  - 1. login as user 
2.login as employee

[main] 2021-08-17 01:28:23 INFO  com.app.Main  - 1.already a user? 
2.New user 
[main] 2021-08-17 01:28:27 INFO  com.app.Main  - 1. login as user 
2.login as employee

[main] 2021-08-17 01:28:28 INFO  com.app.Main  - Welcome !!! 
[main] 2021-08-17 01:28:28 INFO  com.app.Main  - 1. login as user 
2.login as employee

[main] 2021-08-17 01:28:29 INFO  com.app.Main  - 1.already a user? 
2.New user 
[main] 2021-08-17 01:28:33 INFO  com.app.Main  - 1. login as user 
2.login as employee

[main] 2021-08-17 01:30:50 INFO  com.app.Main  - Welcome !!! 
[main] 2021-08-17 01:30:50 INFO  com.app.Main  - 1. login as user 
2.login as employee

[main] 2021-08-17 01:30:59 INFO  com.app.Main  - 1.already a user? 
2.New user 
[main] 2021-08-17 01:31:04 INFO  com.app.Main  - 1. login as user 
2.login as employee

[main] 2021-08-17 01:34:05 INFO  com.app.Main  - Welcome !!! 
[main] 2021-08-17 01:34:05 INFO  com.app.Main  - 1. login as user 
2.login as employee

[main] 2021-08-17 01:34:15 INFO  com.app.Main  - 1.already a user? 
2.New user 
[main] 2021-08-17 01:34:19 INFO  com.app.Main  - 1. login as user 
2.login as employee

[main] 2021-08-17 01:34:30 INFO  com.app.Main  - Welcome !!! 
[main] 2021-08-17 01:34:30 INFO  com.app.Main  - 1. login as user 
2.login as employee

[main] 2021-08-17 01:34:49 INFO  com.app.Main  - 1.already a user? 
2.New user 
[main] 2021-08-17 01:34:53 INFO  com.app.Main  - 1. login as user 
2.login as employee

[main] 2021-08-17 09:59:32 INFO  com.app.Main  - Welcome !!! 
[main] 2021-08-17 09:59:32 INFO  com.app.Main  - 1. login as user 
2.login as employee

[main] 2021-08-17 09:59:38 INFO  com.app.Main  - 1.already a user? 
2.New user 
[main] 2021-08-17 09:59:42 INFO  com.app.Main  - Internal Error
[main] 2021-08-17 09:59:42 INFO  com.app.Main  - 1. login as user 
2.login as employee

[main] 2021-08-17 10:00:08 INFO  com.app.Main  - Welcome !!! 
[main] 2021-08-17 10:00:08 INFO  com.app.Main  - 1. login as user 
2.login as employee

[main] 2021-08-17 10:00:11 INFO  com.app.Main  - 1.already a user? 
2.New user 
[main] 2021-08-17 10:00:34 INFO  com.app.Main  - 1. login as user 
2.login as employee

[main] 2021-08-17 10:06:02 INFO  com.app.Main  - Welcome !!! 
[main] 2021-08-17 10:06:02 INFO  com.app.Main  - 1. login as user 
2.login as employee

[main] 2021-08-17 10:06:05 INFO  com.app.Main  - 1.already a user? 
2.New user 
[main] 2021-08-17 10:06:09 INFO  com.app.Main  - user found
[main] 2021-08-17 10:06:09 INFO  com.app.Main  - 1. login as user 
2.login as employee

[main] 2021-08-17 10:06:16 INFO  com.app.Main  - Welcome !!! 
[main] 2021-08-17 10:06:16 INFO  com.app.Main  - 1. login as user 
2.login as employee

[main] 2021-08-17 10:06:18 INFO  com.app.Main  - 1.already a user? 
2.New user 
[main] 2021-08-17 10:06:22 INFO  com.app.Main  - 1. login as user 
2.login as employee

[main] 2021-08-17 10:06:43 INFO  com.app.Main  - Welcome !!! 
[main] 2021-08-17 10:06:43 INFO  com.app.Main  - 1. login as user 
2.login as employee

[main] 2021-08-17 10:06:46 INFO  com.app.Main  - 1.already a user? 
2.New user 
[main] 2021-08-17 10:06:50 INFO  com.app.Main  - user found
[main] 2021-08-17 10:06:50 INFO  com.app.Main  - 1. login as user 
2.login as employee

[main] 2021-08-17 10:14:49 INFO  com.app.Main  - Welcome !!! 
[main] 2021-08-17 10:14:49 INFO  com.app.Main  - 1. login as user 
2.login as employee

[main] 2021-08-17 10:14:55 INFO  com.app.Main  - 1.already a user? 
2.New user 
[main] 2021-08-17 10:15:01 INFO  com.app.Main  - user found
[main] 2021-08-17 10:15:07 INFO  com.app.Main  - 1. login as user 
2.login as employee

[main] 2021-08-17 10:16:57 INFO  com.app.Main  - Welcome !!! 
[main] 2021-08-17 10:16:57 INFO  com.app.Main  - 1. login as user 
2.login as employee

[main] 2021-08-17 10:17:02 INFO  com.app.Main  - 1.already a user? 
2.New user 
[main] 2021-08-17 10:17:05 INFO  com.app.Main  - user found
[main] 2021-08-17 10:17:14 INFO  com.app.Main  - 1. login as user 
2.login as employee

[main] 2021-08-17 10:18:12 INFO  com.app.Main  - Welcome !!! 
[main] 2021-08-17 10:18:12 INFO  com.app.Main  - 1. login as user 
2.login as employee

[main] 2021-08-17 10:18:14 INFO  com.app.Main  - 1.already a user? 
2.New user 
[main] 2021-08-17 10:18:17 INFO  com.app.Main  - user found
[main] 2021-08-17 10:18:20 INFO  com.app.Main  - press any number to view all category
[main] 2021-08-17 10:18:23 INFO  com.app.Main  - 1.mobiles
2.earphones
3.refrigerator
4.home theatre

[main] 2021-08-17 10:18:23 INFO  com.app.Main  - 1. login as user 
2.login as employee

[main] 2021-08-17 10:18:23 INFO  com.app.Main  - 1.already a user? 
2.New user 
[main] 2021-08-17 10:30:00 INFO  com.app.Main  - Welcome !!! 
[main] 2021-08-17 10:30:00 INFO  com.app.Main  - 1. login as user 
2.login as employee

[main] 2021-08-17 10:30:04 INFO  com.app.Main  - 1.already a user? 
2.New user 
[main] 2021-08-17 10:30:07 INFO  com.app.Main  - user found
[main] 2021-08-17 10:30:10 INFO  com.app.Main  - press any number to view all category
[main] 2021-08-17 10:30:13 INFO  com.app.Main  - 1.mobiles
2.earphones
3.refrigerator
4.home theatre

[main] 2021-08-17 10:30:13 INFO  com.app.Main  - 1. login as user 
2.login as employee

[main] 2021-08-17 10:30:26 INFO  com.app.Main  - 1.already a user? 
2.New user 
[main] 2021-08-17 10:30:50 INFO  com.app.Main  - Welcome !!! 
[main] 2021-08-17 10:30:50 INFO  com.app.Main  - 1. login as user 
2.login as employee

[main] 2021-08-17 10:30:55 INFO  com.app.Main  - 1.already a user? 
2.New user 
[main] 2021-08-17 10:30:57 INFO  com.app.Main  - user found
[main] 2021-08-17 10:31:00 INFO  com.app.Main  - press any number to view all category
[main] 2021-08-17 10:31:01 INFO  com.app.Main  - 1.mobiles
2.earphones
3.refrigerator
4.home theatre

[main] 2021-08-17 10:31:01 INFO  com.app.Main  - 1. login as user 
2.login as employee

[main] 2021-08-17 10:31:07 INFO  com.app.Main  - 1.already a user? 
2.New user 
[main] 2021-08-17 10:32:15 INFO  com.app.Main  - Welcome !!! 
[main] 2021-08-17 10:32:15 INFO  com.app.Main  - 1. login as user 
2.login as employee

[main] 2021-08-17 10:32:20 INFO  com.app.Main  - 1.already a user? 
2.New user 
[main] 2021-08-17 10:32:23 INFO  com.app.Main  - user found
[main] 2021-08-17 10:32:26 INFO  com.app.Main  - press any number to view all category
[main] 2021-08-17 10:32:28 INFO  com.app.Main  - 1.mobiles
2.earphones
3.refrigerator
4.home theatre

[main] 2021-08-17 10:32:28 INFO  com.app.Main  - 1. login as user 
2.login as employee

[main] 2021-08-17 10:33:28 INFO  com.app.Main  - Welcome !!! 
[main] 2021-08-17 10:33:28 INFO  com.app.Main  - 1. login as user 
2.login as employee

[main] 2021-08-17 10:33:30 INFO  com.app.Main  - 1.already a user? 
2.New user 
[main] 2021-08-17 10:33:34 INFO  com.app.Main  - user found
[main] 2021-08-17 10:33:40 INFO  com.app.Main  - press any number to view all category
[main] 2021-08-17 10:33:42 INFO  com.app.Main  - 1.mobiles
2.earphones
3.refrigerator
4.home theatre

[main] 2021-08-17 10:33:42 INFO  com.app.Main  - 1. login as user 
2.login as employee

[main] 2021-08-17 10:34:29 INFO  com.app.Main  - Welcome !!! 
[main] 2021-08-17 10:34:29 INFO  com.app.Main  - 1. login as user 
2.login as employee

[main] 2021-08-17 10:34:31 INFO  com.app.Main  - 1.already a user? 
2.New user 
[main] 2021-08-17 10:34:34 INFO  com.app.Main  - user found
[main] 2021-08-17 10:34:36 INFO  com.app.Main  - press any number to view all category
[main] 2021-08-17 10:34:38 INFO  com.app.Main  - 1.mobiles
2.earphones
3.refrigerator
4.home theatre

[main] 2021-08-17 10:34:38 INFO  com.app.Main  - hh
[main] 2021-08-17 10:34:38 INFO  com.app.Main  - 1. login as user 
2.login as employee

[main] 2021-08-17 10:35:43 INFO  com.app.Main  - Welcome !!! 
[main] 2021-08-17 10:35:43 INFO  com.app.Main  - 1. login as user 
2.login as employee

[main] 2021-08-17 10:35:45 INFO  com.app.Main  - 1.already a user? 
2.New user 
[main] 2021-08-17 10:35:49 INFO  com.app.Main  - user found
[main] 2021-08-17 10:35:51 INFO  com.app.Main  - press any number to view all category
[main] 2021-08-17 10:35:52 INFO  com.app.Main  - 1.mobiles
2.earphones
3.refrigerator
4.home theatre

[main] 2021-08-17 10:35:52 INFO  com.app.Main  - press the number
[main] 2021-08-17 10:35:52 INFO  com.app.Main  - java.lang.NumberFormatException: For input string: ""
[main] 2021-08-17 10:35:52 INFO  com.app.Main  - 1. login as user 
2.login as employee

[main] 2021-08-17 10:38:04 INFO  com.app.Main  - Welcome !!! 
[main] 2021-08-17 10:38:04 INFO  com.app.Main  - 1. login as user 
2.login as employee

[main] 2021-08-17 10:38:06 INFO  com.app.Main  - 1.already a user? 
2.New user 
[main] 2021-08-17 10:38:10 INFO  com.app.Main  - user found
[main] 2021-08-17 10:38:11 INFO  com.app.Main  - press any number to view all category
[main] 2021-08-17 10:38:12 INFO  com.app.Main  - 1.mobiles
2.earphones
3.refrigerator
4.home theatre

[main] 2021-08-17 10:38:12 INFO  com.app.Main  - press the number
[main] 2021-08-17 10:38:12 INFO  com.app.Main  - java.lang.NumberFormatException: For input string: ""
[main] 2021-08-17 10:38:12 INFO  com.app.Main  - 1. login as user 
2.login as employee

[main] 2021-08-17 10:39:41 INFO  com.app.Main  - Welcome !!! 
[main] 2021-08-17 10:39:41 INFO  com.app.Main  - 1. login as user 
2.login as employee

[main] 2021-08-17 10:39:43 INFO  com.app.Main  - 1.already a user? 
2.New user 
[main] 2021-08-17 10:39:47 INFO  com.app.Main  - user found
[main] 2021-08-17 10:39:49 INFO  com.app.Main  - press any number to view all category
[main] 2021-08-17 10:39:50 INFO  com.app.Main  - 1.mobiles
2.earphones
3.refrigerator
4.home theatre

[main] 2021-08-17 10:39:50 INFO  com.app.Main  - press the number
[main] 2021-08-17 10:39:50 INFO  com.app.Main  - java.lang.NumberFormatException: For input string: ""
[main] 2021-08-17 10:39:50 INFO  com.app.Main  - 1. login as user 
2.login as employee

[main] 2021-08-17 10:39:56 INFO  com.app.Main  - Welcome !!! 
[main] 2021-08-17 10:39:56 INFO  com.app.Main  - 1. login as user 
2.login as employee

[main] 2021-08-17 10:39:57 INFO  com.app.Main  - 1.already a user? 
2.New user 
[main] 2021-08-17 10:40:05 INFO  com.app.Main  - user found
[main] 2021-08-17 10:40:08 INFO  com.app.Main  - press any number to view all category
[main] 2021-08-17 10:40:10 INFO  com.app.Main  - 1.mobiles
2.earphones
3.refrigerator
4.home theatre

[main] 2021-08-17 10:40:10 INFO  com.app.Main  - press the number
[main] 2021-08-17 10:40:10 INFO  com.app.Main  - java.lang.NumberFormatException: For input string: ""
[main] 2021-08-17 10:40:10 INFO  com.app.Main  - 1. login as user 
2.login as employee

[main] 2021-08-17 10:40:53 INFO  com.app.Main  - Welcome !!! 
[main] 2021-08-17 10:40:53 INFO  com.app.Main  - 1. login as user 
2.login as employee

[main] 2021-08-17 10:40:55 INFO  com.app.Main  - 1.already a user? 
2.New user 
[main] 2021-08-17 10:40:59 INFO  com.app.Main  - user found
[main] 2021-08-17 10:41:02 INFO  com.app.Main  - press any number to view all category
[main] 2021-08-17 10:41:04 INFO  com.app.Main  - 1.mobiles
2.earphones
3.refrigerator
4.home theatre

[main] 2021-08-17 10:41:04 INFO  com.app.Main  - press the number
[main] 2021-08-17 10:41:07 INFO  com.app.Main  - hh
[main] 2021-08-17 10:41:07 INFO  com.app.Main  - loading the data. hold for a while
[main] 2021-08-17 10:41:07 INFO  com.app.Main  - 1. login as user 
2.login as employee

[main] 2021-08-17 10:41:07 INFO  com.app.Main  - 1.already a user? 
2.New user 
[main] 2021-08-17 11:32:10 INFO  com.app.Main  - Welcome !!! 
[main] 2021-08-17 11:32:10 INFO  com.app.Main  - 1. login as user 
2.login as employee

[main] 2021-08-17 11:32:18 INFO  com.app.Main  - 1.already a user? 
2.New user 
[main] 2021-08-17 11:32:22 INFO  com.app.Main  - user found
[main] 2021-08-17 11:32:25 INFO  com.app.Main  - press any number to view all category
[main] 2021-08-17 11:32:28 INFO  com.app.Main  - 1.mobiles
2.earphones
3.refrigerator
4.home theatre

[main] 2021-08-17 11:32:28 INFO  com.app.Main  - press the number
[main] 2021-08-17 11:32:36 INFO  com.app.Main  - 1. login as user 
2.login as employee

[main] 2021-08-17 11:32:36 INFO  com.app.Main  - 1.already a user? 
2.New user 
[main] 2021-08-17 12:02:09 INFO  com.app.Main  - Welcome !!! 
[main] 2021-08-17 12:02:09 INFO  com.app.Main  - 1. login as user 
2.login as employee

[main] 2021-08-17 12:02:42 INFO  com.app.Main  - Welcome !!! 
[main] 2021-08-17 12:02:42 INFO  com.app.Main  - 1. login as user 
2.login as employee

[main] 2021-08-17 12:02:50 INFO  com.app.Main  - 1.already a user? 
2.New user 
[main] 2021-08-17 12:02:54 INFO  com.app.Main  - user found
[main] 2021-08-17 12:02:56 INFO  com.app.Main  - press any number to view all category
[main] 2021-08-17 12:02:58 INFO  com.app.Main  - 1.mobiles
2.earphones
3.refrigerator
4.home theatre

[main] 2021-08-17 12:02:58 INFO  com.app.Main  - press the number
[main] 2021-08-17 12:04:37 INFO  com.app.Main  - Welcome !!! 
[main] 2021-08-17 12:04:37 INFO  com.app.Main  - 1. login as user 
2.login as employee

[main] 2021-08-17 12:04:44 INFO  com.app.Main  - 1.already a user? 
2.New user 
[main] 2021-08-17 12:04:47 INFO  com.app.Main  - user found
[main] 2021-08-17 12:04:49 INFO  com.app.Main  - press any number to view all category
[main] 2021-08-17 12:04:50 INFO  com.app.Main  - 1.mobiles
2.earphones
3.refrigerator
4.home theatre

[main] 2021-08-17 12:04:50 INFO  com.app.Main  - press the number
[main] 2021-08-17 12:04:59 INFO  com.app.Main  - Welcome !!! 
[main] 2021-08-17 12:04:59 INFO  com.app.Main  - 1. login as user 
2.login as employee

[main] 2021-08-17 12:05:06 INFO  com.app.Main  - 1.already a user? 
2.New user 
[main] 2021-08-17 12:05:11 INFO  com.app.Main  - user found
[main] 2021-08-17 12:05:13 INFO  com.app.Main  - press any number to view all category
[main] 2021-08-17 12:05:17 INFO  com.app.Main  - 1.mobiles
2.earphones
3.refrigerator
4.home theatre

[main] 2021-08-17 12:05:17 INFO  com.app.Main  - press the number
[main] 2021-08-17 12:05:22 INFO  com.app.Main  - Welcome !!! 
[main] 2021-08-17 12:05:22 INFO  com.app.Main  - 1. login as user 
2.login as employee

[main] 2021-08-17 12:05:23 INFO  com.app.Main  - 1.already a user? 
2.New user 
[main] 2021-08-17 12:05:26 INFO  com.app.Main  - user found
[main] 2021-08-17 12:05:27 INFO  com.app.Main  - press any number to view all category
[main] 2021-08-17 12:05:28 INFO  com.app.Main  - 1.mobiles
2.earphones
3.refrigerator
4.home theatre

[main] 2021-08-17 12:05:28 INFO  com.app.Main  - press the number
[main] 2021-08-17 12:06:25 INFO  com.app.Main  - Welcome !!! 
[main] 2021-08-17 12:06:25 INFO  com.app.Main  - 1. login as user 
2.login as employee

[main] 2021-08-17 12:06:36 INFO  com.app.Main  - 1.already a user? 
2.New user 
[main] 2021-08-17 12:06:43 INFO  com.app.Main  - user found
[main] 2021-08-17 12:06:45 INFO  com.app.Main  - press any number to view all category
[main] 2021-08-17 12:06:47 INFO  com.app.Main  - 1.mobiles
2.earphones
3.refrigerator
4.home theatre

[main] 2021-08-17 12:06:47 INFO  com.app.Main  - press the number
[main] 2021-08-17 12:07:52 INFO  com.app.Main  - Welcome !!! 
[main] 2021-08-17 12:07:52 INFO  com.app.Main  - 1. login as user 
2.login as employee

[main] 2021-08-17 12:08:00 INFO  com.app.Main  - 1.already a user? 
2.New user 
[main] 2021-08-17 12:08:05 INFO  com.app.Main  - user found
[main] 2021-08-17 12:08:07 INFO  com.app.Main  - press any number to view all category
[main] 2021-08-17 12:08:09 INFO  com.app.Main  - 1.mobiles
2.earphones
3.refrigerator
4.home theatre

[main] 2021-08-17 12:08:09 INFO  com.app.Main  - press the number
[main] 2021-08-17 12:08:31 INFO  com.app.Main  - Welcome !!! 
[main] 2021-08-17 12:08:31 INFO  com.app.Main  - 1. login as user 
2.login as employee

[main] 2021-08-17 12:08:40 INFO  com.app.Main  - 1.already a user? 
2.New user 
[main] 2021-08-17 12:08:49 INFO  com.app.Main  - user found
[main] 2021-08-17 12:08:52 INFO  com.app.Main  - press any number to view all category
[main] 2021-08-17 12:08:55 INFO  com.app.Main  - 1.mobiles
2.earphones
3.refrigerator
4.home theatre

[main] 2021-08-17 12:08:55 INFO  com.app.Main  - press the number
[main] 2021-08-17 12:08:55 ERROR com.app.dao.impl.ProductSearchDAOImpl  - java.sql.SQLException: Parameter index out of range (1 > number of parameters, which is 0).
[main] 2021-08-17 12:08:55 INFO  com.app.Main  - loading the data. hold for a while
[main] 2021-08-17 12:08:55 INFO  com.app.Main  - 1. login as user 
2.login as employee

[main] 2021-08-17 12:08:55 INFO  com.app.Main  - 1.already a user? 
2.New user 
[main] 2021-08-17 12:09:49 INFO  com.app.Main  - Welcome !!! 
[main] 2021-08-17 12:09:49 INFO  com.app.Main  - 1. login as user 
2.login as employee

[main] 2021-08-17 12:10:07 INFO  com.app.Main  - 1.already a user? 
2.New user 
[main] 2021-08-17 12:10:13 INFO  com.app.Main  - user found
[main] 2021-08-17 12:10:15 INFO  com.app.Main  - press any number to view all category
[main] 2021-08-17 12:10:17 INFO  com.app.Main  - 1.mobiles
2.earphones
3.refrigerator
4.home theatre

[main] 2021-08-17 12:10:17 INFO  com.app.Main  - press the number
[main] 2021-08-17 12:10:17 INFO  com.app.Main  - loading

[main] 2021-08-17 12:10:17 INFO  com.app.Main  - EmployeeProducts [pId=1, proName=samsung j7, proCategory=null, proPrice=10000.5, proOrderedCount=0]
[main] 2021-08-17 12:10:17 INFO  com.app.Main  - EmployeeProducts [pId=2, proName=apple Xpro, proCategory=null, proPrice=70000.4, proOrderedCount=0]
[main] 2021-08-17 12:10:17 INFO  com.app.Main  - loading the data. hold for a while
[main] 2021-08-17 12:10:17 INFO  com.app.Main  - 1. login as user 
2.login as employee

[main] 2021-08-17 12:10:17 INFO  com.app.Main  - 1.already a user? 
2.New user 
[main] 2021-08-17 12:11:19 INFO  com.app.Main  - Welcome !!! 
[main] 2021-08-17 12:11:19 INFO  com.app.Main  - 1. login as user 
2.login as employee

[main] 2021-08-17 12:11:27 INFO  com.app.Main  - 1.already a user? 
2.New user 
[main] 2021-08-17 12:11:31 INFO  com.app.Main  - user found
[main] 2021-08-17 12:11:32 INFO  com.app.Main  - press any number to view all category
[main] 2021-08-17 12:11:34 INFO  com.app.Main  - 1.mobiles
2.earphones
3.refrigerator
4.home theatre

[main] 2021-08-17 12:11:34 INFO  com.app.Main  - press the number
[main] 2021-08-17 12:11:35 INFO  com.app.Main  - loading

[main] 2021-08-17 12:11:35 INFO  com.app.Main  - 1
[main] 2021-08-17 12:11:35 INFO  com.app.Main  - 2
[main] 2021-08-17 12:11:35 INFO  com.app.Main  - loading the data. hold for a while
[main] 2021-08-17 12:11:35 INFO  com.app.Main  - 1. login as user 
2.login as employee

[main] 2021-08-17 12:11:35 INFO  com.app.Main  - 1.already a user? 
2.New user 
[main] 2021-08-17 12:13:10 INFO  com.app.Main  - Welcome !!! 
[main] 2021-08-17 12:13:10 INFO  com.app.Main  - 1. login as user 
2.login as employee

[main] 2021-08-17 12:13:18 INFO  com.app.Main  - 1.already a user? 
2.New user 
[main] 2021-08-17 12:13:21 INFO  com.app.Main  - user found
[main] 2021-08-17 12:13:24 INFO  com.app.Main  - press any number to view all category
[main] 2021-08-17 12:13:26 INFO  com.app.Main  - 1.mobiles
2.earphones
3.refrigerator
4.home theatre

[main] 2021-08-17 12:13:26 INFO  com.app.Main  - press the number
[main] 2021-08-17 12:13:27 INFO  com.app.Main  - loading

[main] 2021-08-17 12:13:27 INFO  com.app.Main  - ID	name		price
[main] 2021-08-17 12:13:27 INFO  com.app.Main  - 1
[main] 2021-08-17 12:13:27 INFO  com.app.Main  - samsung j7
[main] 2021-08-17 12:13:27 INFO  com.app.Main  - 10000.5

[main] 2021-08-17 12:13:27 INFO  com.app.Main  - 2
[main] 2021-08-17 12:13:27 INFO  com.app.Main  - apple Xpro
[main] 2021-08-17 12:13:27 INFO  com.app.Main  - 70000.4

[main] 2021-08-17 12:13:27 INFO  com.app.Main  - loading the data. hold for a while
[main] 2021-08-17 12:13:27 INFO  com.app.Main  - 1. login as user 
2.login as employee

[main] 2021-08-17 12:13:27 INFO  com.app.Main  - 1.already a user? 
2.New user 
[main] 2021-08-17 12:17:29 INFO  com.app.Main  - Welcome !!! 
[main] 2021-08-17 12:17:29 INFO  com.app.Main  - 1. login as user 
2.login as employee

[main] 2021-08-17 12:17:37 INFO  com.app.Main  - 1.already a user? 
2.New user 
[main] 2021-08-17 12:17:41 INFO  com.app.Main  - user found
[main] 2021-08-17 12:17:44 INFO  com.app.Main  - press any number to view all category
[main] 2021-08-17 12:17:46 INFO  com.app.Main  - 1.mobiles
2.earphones
3.refrigerator
4.home theatre

[main] 2021-08-17 12:17:46 INFO  com.app.Main  - press the number
[main] 2021-08-17 12:17:46 INFO  com.app.Main  - loading the data. hold for a while
[main] 2021-08-17 12:17:46 INFO  com.app.Main  - loading

[main] 2021-08-17 12:17:46 INFO  com.app.Main  - ID	name		price
[main] 2021-08-17 12:19:49 INFO  com.app.Main  - Welcome !!! 
[main] 2021-08-17 12:19:49 INFO  com.app.Main  - 1. login as user 
2.login as employee

[main] 2021-08-17 12:19:58 INFO  com.app.Main  - 1.already a user? 
2.New user 
[main] 2021-08-17 12:20:02 INFO  com.app.Main  - user found
[main] 2021-08-17 12:20:03 INFO  com.app.Main  - press any number to view all category
[main] 2021-08-17 12:20:06 INFO  com.app.Main  - 1.mobiles
2.earphones
3.refrigerator
4.home theatre

[main] 2021-08-17 12:20:06 INFO  com.app.Main  - press the number
[main] 2021-08-17 12:20:06 INFO  com.app.Main  - loading the data. hold for a while
[main] 2021-08-17 12:20:08 INFO  com.app.Main  - loading

[main] 2021-08-17 12:20:08 INFO  com.app.Main  - ID is  1
[main] 2021-08-17 12:20:08 INFO  com.app.Main  - model is  samsung j7
[main] 2021-08-17 12:20:08 INFO  com.app.Main  - price is  10000.5

[main] 2021-08-17 12:20:08 INFO  com.app.Main  - ID is  2
[main] 2021-08-17 12:20:08 INFO  com.app.Main  - model is  apple Xpro
[main] 2021-08-17 12:20:08 INFO  com.app.Main  - price is  70000.4

[main] 2021-08-17 12:20:08 INFO  com.app.Main  - 1. login as user 
2.login as employee

[main] 2021-08-17 12:20:08 INFO  com.app.Main  - 1.already a user? 
2.New user 
[main] 2021-08-17 12:23:48 INFO  com.app.Main  - Welcome !!! 
[main] 2021-08-17 12:23:48 INFO  com.app.Main  - 1. login as user 
2.login as employee

[main] 2021-08-17 12:23:56 INFO  com.app.Main  - 1.already a user? 
2.New user 
[main] 2021-08-17 12:23:59 INFO  com.app.Main  - user found
[main] 2021-08-17 12:24:00 INFO  com.app.Main  - press any number to view all category
[main] 2021-08-17 12:24:01 INFO  com.app.Main  - 1.mobiles
2.earphones
3.refrigerator
4.home theatre

[main] 2021-08-17 12:24:01 INFO  com.app.Main  - press the number
[main] 2021-08-17 12:24:01 INFO  com.app.Main  - loading the data. hold for a while
[main] 2021-08-17 12:24:03 INFO  com.app.Main  - loading

[main] 2021-08-17 12:24:03 INFO  com.app.Main  - ID is  5
[main] 2021-08-17 12:24:03 INFO  com.app.Main  - model is  song x00
[main] 2021-08-17 12:24:03 INFO  com.app.Main  - price is  40000.11

[main] 2021-08-17 12:24:03 INFO  com.app.Main  - ID is  6
[main] 2021-08-17 12:24:03 INFO  com.app.Main  - model is  jbl
[main] 2021-08-17 12:24:03 INFO  com.app.Main  - price is  50000.22

[main] 2021-08-17 12:24:03 INFO  com.app.Main  - 1. login as user 
2.login as employee

[main] 2021-08-17 12:24:03 INFO  com.app.Main  - 1.already a user? 
2.New user 
[main] 2021-08-17 12:24:10 INFO  com.app.Main  - Welcome !!! 
[main] 2021-08-17 12:24:10 INFO  com.app.Main  - 1. login as user 
2.login as employee

[main] 2021-08-17 12:24:12 INFO  com.app.Main  - 1.already a user? 
2.New user 
[main] 2021-08-17 12:24:15 INFO  com.app.Main  - user found
[main] 2021-08-17 12:24:16 INFO  com.app.Main  - press any number to view all category
[main] 2021-08-17 12:24:17 INFO  com.app.Main  - 1.mobiles
2.earphones
3.refrigerator
4.home theatre

[main] 2021-08-17 12:24:17 INFO  com.app.Main  - press the number
[main] 2021-08-17 12:24:17 INFO  com.app.Main  - loading the data. hold for a while
[main] 2021-08-17 12:24:53 INFO  com.app.Main  - Welcome !!! 
[main] 2021-08-17 12:24:53 INFO  com.app.Main  - 1. login as user 
2.login as employee

[main] 2021-08-17 12:25:02 INFO  com.app.Main  - 1.already a user? 
2.New user 
[main] 2021-08-17 12:25:06 INFO  com.app.Main  - user found
[main] 2021-08-17 12:25:07 INFO  com.app.Main  - press any number to view all category
[main] 2021-08-17 12:25:10 INFO  com.app.Main  - 1.mobiles
2.earphones
3.refrigerator
4.home theatre

[main] 2021-08-17 12:25:10 INFO  com.app.Main  - press the number
[main] 2021-08-17 12:25:10 INFO  com.app.Main  - loading the data. hold for a while
[main] 2021-08-17 12:26:52 INFO  com.app.Main  - Welcome !!! 
[main] 2021-08-17 12:26:52 INFO  com.app.Main  - 1. login as user 
2.login as employee

[main] 2021-08-17 12:27:01 INFO  com.app.Main  - 1.already a user? 
2.New user 
[main] 2021-08-17 12:27:04 INFO  com.app.Main  - user found
[main] 2021-08-17 12:27:05 WARN  com.app.Main  - Enter number only
[main] 2021-08-17 12:27:05 INFO  com.app.Main  - 1. login as user 
2.login as employee

[main] 2021-08-17 12:27:08 INFO  com.app.Main  - 1.already a user? 
2.New user 
[main] 2021-08-17 12:27:11 INFO  com.app.Main  - user found
[main] 2021-08-17 12:27:13 INFO  com.app.Main  - press any number to view all category
[main] 2021-08-17 12:27:15 INFO  com.app.Main  - 1.mobiles
2.earphones
3.refrigerator
4.home theatre

[main] 2021-08-17 12:27:15 INFO  com.app.Main  - press the number
[main] 2021-08-17 12:27:15 INFO  com.app.Main  - loading the data. hold for a while
[main] 2021-08-17 12:27:17 WARN  com.app.Main  - no stock available, will notify you soon 
[main] 2021-08-17 12:27:17 INFO  com.app.Main  - 1. login as user 
2.login as employee

[main] 2021-08-17 12:27:17 INFO  com.app.Main  - 1.already a user? 
2.New user 
